0 info it worked if it ends with ok
1 verbose cli [ '/usr/local/bin/node', '/usr/local/bin/npm', 'run', 'api' ]
2 info using npm@3.8.9
3 info using node@v6.2.0
4 verbose run-script [ 'preapi', 'api', 'postapi' ]
5 info lifecycle jquery-ajax-homework@0.0.1~preapi: jquery-ajax-homework@0.0.1
6 silly lifecycle jquery-ajax-homework@0.0.1~preapi: no script for preapi, continuing
7 info lifecycle jquery-ajax-homework@0.0.1~api: jquery-ajax-homework@0.0.1
8 verbose lifecycle jquery-ajax-homework@0.0.1~api: unsafe-perm in lifecycle true
9 verbose lifecycle jquery-ajax-homework@0.0.1~api: PATH: /usr/local/lib/node_modules/npm/bin/node-gyp-bin:/home/laslo/edu/homeworks/city-selector/node_modules/.bin:/usr/local/bin:/usr/local/lib/node_modules/npm/bin/node-gyp-bin:/home/laslo/edu/homeworks/city-selector/node_modules/.bin:/usr/local/bin:/usr/local/sbin:/usr/local/bin:/usr/sbin:/usr/bin:/sbin:/bin:/usr/games:/usr/local/games:/snap/bin:/snap/bin
10 verbose lifecycle jquery-ajax-homework@0.0.1~api: CWD: /home/laslo/edu/homeworks/city-selector
11 silly lifecycle jquery-ajax-homework@0.0.1~api: Args: [ '-c', 'json-server --watch db.json --port 3000' ]
12 silly lifecycle jquery-ajax-homework@0.0.1~api: Returned: code: 1  signal: null
13 info lifecycle jquery-ajax-homework@0.0.1~api: Failed to exec api script
14 verbose stack Error: jquery-ajax-homework@0.0.1 api: `json-server --watch db.json --port 3000`
14 verbose stack Exit status 1
14 verbose stack     at EventEmitter.<anonymous> (/usr/local/lib/node_modules/npm/lib/utils/lifecycle.js:245:16)
14 verbose stack     at emitTwo (events.js:106:13)
14 verbose stack     at EventEmitter.emit (events.js:191:7)
14 verbose stack     at ChildProcess.<anonymous> (/usr/local/lib/node_modules/npm/lib/utils/spawn.js:24:14)
14 verbose stack     at emitTwo (events.js:106:13)
14 verbose stack     at ChildProcess.emit (events.js:191:7)
14 verbose stack     at maybeClose (internal/child_process.js:850:16)
14 verbose stack     at Process.ChildProcess._handle.onexit (internal/child_process.js:215:5)
15 verbose pkgid jquery-ajax-homework@0.0.1
16 verbose cwd /home/laslo/edu/homeworks/city-selector
17 error Linux 4.4.0-79-generic
18 error argv "/usr/local/bin/node" "/usr/local/bin/npm" "run" "api"
19 error node v6.2.0
20 error npm  v3.8.9
21 error code ELIFECYCLE
22 error jquery-ajax-homework@0.0.1 api: `json-server --watch db.json --port 3000`
22 error Exit status 1
23 error Failed at the jquery-ajax-homework@0.0.1 api script 'json-server --watch db.json --port 3000'.
23 error Make sure you have the latest version of node.js and npm installed.
23 error If you do, this is most likely a problem with the jquery-ajax-homework package,
23 error not with npm itself.
23 error Tell the author that this fails on your system:
23 error     json-server --watch db.json --port 3000
23 error You can get information on how to open an issue for this project with:
23 error     npm bugs jquery-ajax-homework
23 error Or if that isn't available, you can get their info via:
23 error     npm owner ls jquery-ajax-homework
23 error There is likely additional logging output above.
24 verbose exit [ 1, true ]
